2022-02-17 12:35:26.826  INFO PPBNOMBPBT-237.local --- [           main] c.e.f.FactoryDpApplication               : Starting FactoryDpApplication using Java 1.8.0_231 on PPBNOMBPBT-237.local with PID 8054 (/Users/preetam.patel/Documents/MileStone/FactoryDP/target/classes started by preetam.patel in /Users/preetam.patel/Documents/MileStone/FactoryDP)
2022-02-17 12:35:26.831 DEBUG PPBNOMBPBT-237.local --- [           main] c.e.f.FactoryDpApplication               : Running with Spring Boot v2.6.3, Spring v5.3.15
2022-02-17 12:35:26.832  INFO PPBNOMBPBT-237.local --- [           main] c.e.f.FactoryDpApplication               : No active profile set, falling back to default profiles: default
2022-02-17 12:36:26.579  INFO PPBNOMBPBT-237.local --- [           main] c.e.f.FactoryDpApplication               : Starting FactoryDpApplication using Java 1.8.0_231 on PPBNOMBPBT-237.local with PID 8104 (/Users/preetam.patel/Documents/MileStone/FactoryDP/target/classes started by preetam.patel in /Users/preetam.patel/Documents/MileStone/FactoryDP)
2022-02-17 12:36:26.585 DEBUG PPBNOMBPBT-237.local --- [           main] c.e.f.FactoryDpApplication               : Running with Spring Boot v2.6.3, Spring v5.3.15
2022-02-17 12:36:26.585  INFO PPBNOMBPBT-237.local --- [           main] c.e.f.FactoryDpApplication               : No active profile set, falling back to default profiles: default
2022-02-17 12:37:01.227  INFO PPBNOMBPBT-237.local --- [           main] c.e.f.FactoryDpApplication               : Starting FactoryDpApplication using Java 1.8.0_231 on PPBNOMBPBT-237.local with PID 8127 (/Users/preetam.patel/Documents/MileStone/FactoryDP/target/classes started by preetam.patel in /Users/preetam.patel/Documents/MileStone/FactoryDP)
2022-02-17 12:37:01.240 DEBUG PPBNOMBPBT-237.local --- [           main] c.e.f.FactoryDpApplication               : Running with Spring Boot v2.6.3, Spring v5.3.15
2022-02-17 12:37:01.240  INFO PPBNOMBPBT-237.local --- [           main] c.e.f.FactoryDpApplication               : No active profile set, falling back to default profiles: default
2022-02-17 12:37:02.554  INFO PPBNOMBPBT-237.local --- [           main] c.e.f.FactoryDpApplication               : Started FactoryDpApplication in 1.706 seconds (JVM running for 2.583)
2022-02-17 12:41:29.893  INFO PPBNOMBPBT-237.local --- [           main] c.e.f.FactoryDpApplication               : Starting FactoryDpApplication using Java 1.8.0_231 on PPBNOMBPBT-237.local with PID 8291 (/Users/preetam.patel/Documents/MileStone/FactoryDP/target/classes started by preetam.patel in /Users/preetam.patel/Documents/MileStone/FactoryDP)
2022-02-17 12:41:29.901 DEBUG PPBNOMBPBT-237.local --- [           main] c.e.f.FactoryDpApplication               : Running with Spring Boot v2.6.3, Spring v5.3.15
2022-02-17 12:41:29.902  INFO PPBNOMBPBT-237.local --- [           main] c.e.f.FactoryDpApplication               : No active profile set, falling back to default profiles: default
2022-02-17 12:41:31.318  INFO PPBNOMBPBT-237.local --- [           main] c.e.f.FactoryDpApplication               : Started FactoryDpApplication in 1.854 seconds (JVM running for 2.839)
2022-02-17 12:41:34.229  INFO PPBNOMBPBT-237.local --- [nio-2222-exec-2] c.e.f.c.Controller                       : Controller : API call received for getting shape information
2022-02-17 12:41:34.230  INFO PPBNOMBPBT-237.local --- [nio-2222-exec-2] c.e.f.s.Services                         : Service : Providing Service to Api Call
2022-02-17 12:41:34.230  INFO PPBNOMBPBT-237.local --- [nio-2222-exec-2] c.e.f.s.Services                         : Service : Validating request body
2022-02-17 12:41:34.230 DEBUG PPBNOMBPBT-237.local --- [nio-2222-exec-2] c.e.f.s.Services                         : Service : Valid request 
2022-02-17 12:41:34.230  INFO PPBNOMBPBT-237.local --- [nio-2222-exec-2] c.e.f.s.Services                         : Service : Getting Shape Details
2022-02-17 12:41:34.231 DEBUG PPBNOMBPBT-237.local --- [nio-2222-exec-2] c.e.f.s.Services                         : Service : No of Sides ::0
2022-02-17 12:41:34.231 DEBUG PPBNOMBPBT-237.local --- [nio-2222-exec-2] c.e.f.s.Services                         : Service : Get Shape
2022-02-17 15:19:41.833  INFO PPBNOMBPBT-237.local --- [           main] c.e.f.FactoryDpApplication               : Starting FactoryDpApplication using Java 1.8.0_231 on PPBNOMBPBT-237.local with PID 16502 (/Users/preetam.patel/Documents/MileStone/FactoryDP/target/classes started by preetam.patel in /Users/preetam.patel/Documents/MileStone/FactoryDP)
2022-02-17 15:19:41.840 DEBUG PPBNOMBPBT-237.local --- [           main] c.e.f.FactoryDpApplication               : Running with Spring Boot v2.6.3, Spring v5.3.15
2022-02-17 15:19:41.840  INFO PPBNOMBPBT-237.local --- [           main] c.e.f.FactoryDpApplication               : No active profile set, falling back to default profiles: default
2022-02-17 15:19:43.500  INFO PPBNOMBPBT-237.local --- [           main] c.e.f.FactoryDpApplication               : Started FactoryDpApplication in 2.06 seconds (JVM running for 2.999)
2022-02-17 15:20:15.807  INFO PPBNOMBPBT-237.local --- [nio-2222-exec-1] c.e.f.c.Controller                       : Controller : API call received for getting shape information
2022-02-17 15:20:15.807  INFO PPBNOMBPBT-237.local --- [nio-2222-exec-1] c.e.f.s.Services                         : Service : Providing Service to Api Call
2022-02-17 15:20:15.807  INFO PPBNOMBPBT-237.local --- [nio-2222-exec-1] c.e.f.s.Services                         : Service : Validating request body
2022-02-17 15:20:15.807 DEBUG PPBNOMBPBT-237.local --- [nio-2222-exec-1] c.e.f.s.Services                         : Service : Valid request 
2022-02-17 15:20:15.807  INFO PPBNOMBPBT-237.local --- [nio-2222-exec-1] c.e.f.s.Services                         : Service : Getting Shape Details
2022-02-17 15:20:15.808 DEBUG PPBNOMBPBT-237.local --- [nio-2222-exec-1] c.e.f.s.Services                         : Service : No of Sides ::0
2022-02-17 15:20:15.809 DEBUG PPBNOMBPBT-237.local --- [nio-2222-exec-1] c.e.f.s.Services                         : Service : Get Shape
2022-02-17 15:20:47.972  INFO PPBNOMBPBT-237.local --- [nio-2222-exec-3] c.e.f.c.Controller                       : Controller : API call received for getting shape information
2022-02-17 15:20:47.975  INFO PPBNOMBPBT-237.local --- [nio-2222-exec-3] c.e.f.s.Services                         : Service : Providing Service to Api Call
2022-02-17 15:20:47.976  INFO PPBNOMBPBT-237.local --- [nio-2222-exec-3] c.e.f.s.Services                         : Service : Validating request body
2022-02-17 15:20:47.976 DEBUG PPBNOMBPBT-237.local --- [nio-2222-exec-3] c.e.f.s.Services                         : Service : Valid request 
2022-02-17 15:20:47.976  INFO PPBNOMBPBT-237.local --- [nio-2222-exec-3] c.e.f.s.Services                         : Service : Getting Shape Details
2022-02-17 15:20:47.978 DEBUG PPBNOMBPBT-237.local --- [nio-2222-exec-3] c.e.f.s.Services                         : Service : No of Sides ::0
2022-02-17 15:20:47.979 DEBUG PPBNOMBPBT-237.local --- [nio-2222-exec-3] c.e.f.s.Services                         : Service : Get Shape
2022-02-17 15:21:45.010  INFO PPBNOMBPBT-237.local --- [nio-2222-exec-4] c.e.f.c.Controller                       : Controller : API call received for getting shape information
2022-02-17 15:21:45.011  INFO PPBNOMBPBT-237.local --- [nio-2222-exec-4] c.e.f.s.Services                         : Service : Providing Service to Api Call
2022-02-17 15:21:45.012  INFO PPBNOMBPBT-237.local --- [nio-2222-exec-4] c.e.f.s.Services                         : Service : Validating request body
2022-02-17 15:21:45.012 DEBUG PPBNOMBPBT-237.local --- [nio-2222-exec-4] c.e.f.s.Services                         : Service : Valid request 
2022-02-17 15:21:45.012  INFO PPBNOMBPBT-237.local --- [nio-2222-exec-4] c.e.f.s.Services                         : Service : Getting Shape Details
2022-02-17 15:21:45.016 DEBUG PPBNOMBPBT-237.local --- [nio-2222-exec-4] c.e.f.s.Services                         : Service : No of Sides ::3
2022-02-17 15:21:45.016 DEBUG PPBNOMBPBT-237.local --- [nio-2222-exec-4] c.e.f.s.Services                         : Service : Get Shape
2022-02-17 23:01:10.411  INFO PPBNOMBPBT-237.local --- [           main] c.e.f.c.ControllerTest                   : Starting ControllerTest using Java 1.8.0_231 on PPBNOMBPBT-237.local with PID 33678 (started by preetam.patel in /Users/preetam.patel/Documents/MileStone/FactoryDP)
2022-02-17 23:01:10.421 DEBUG PPBNOMBPBT-237.local --- [           main] c.e.f.c.ControllerTest                   : Running with Spring Boot v2.6.3, Spring v5.3.15
2022-02-17 23:01:10.421  INFO PPBNOMBPBT-237.local --- [           main] c.e.f.c.ControllerTest                   : No active profile set, falling back to default profiles: default
2022-02-17 23:01:12.946  INFO PPBNOMBPBT-237.local --- [           main] c.e.f.c.ControllerTest                   : Started ControllerTest in 2.862 seconds (JVM running for 5.338)
2022-02-17 23:47:37.708  INFO PPBNOMBPBT-237.local --- [           main] c.e.f.c.ControllerTest                   : Starting ControllerTest using Java 1.8.0_231 on PPBNOMBPBT-237.local with PID 36073 (started by preetam.patel in /Users/preetam.patel/Documents/MileStone/FactoryDP)
2022-02-17 23:47:37.725 DEBUG PPBNOMBPBT-237.local --- [           main] c.e.f.c.ControllerTest                   : Running with Spring Boot v2.6.3, Spring v5.3.15
2022-02-17 23:47:37.726  INFO PPBNOMBPBT-237.local --- [           main] c.e.f.c.ControllerTest                   : No active profile set, falling back to default profiles: default
2022-02-17 23:47:40.125  INFO PPBNOMBPBT-237.local --- [           main] c.e.f.c.ControllerTest                   : Started ControllerTest in 2.747 seconds (JVM running for 5.078)
2022-02-17 23:47:40.494  INFO PPBNOMBPBT-237.local --- [           main] c.e.f.c.Controller                       : Controller : API call received for getting shape information
2022-02-17 23:47:40.494  INFO PPBNOMBPBT-237.local --- [           main] c.e.f.s.Services                         : Service : Providing Service to Api Call
2022-02-17 23:47:40.494  INFO PPBNOMBPBT-237.local --- [           main] c.e.f.s.Services                         : Service : Validating request body
2022-02-17 23:52:42.913  INFO PPBNOMBPBT-237.local --- [           main] c.e.f.c.ControllerTest                   : Starting ControllerTest using Java 1.8.0_231 on PPBNOMBPBT-237.local with PID 36233 (started by preetam.patel in /Users/preetam.patel/Documents/MileStone/FactoryDP)
2022-02-17 23:52:42.929 DEBUG PPBNOMBPBT-237.local --- [           main] c.e.f.c.ControllerTest                   : Running with Spring Boot v2.6.3, Spring v5.3.15
2022-02-17 23:52:42.930  INFO PPBNOMBPBT-237.local --- [           main] c.e.f.c.ControllerTest                   : No active profile set, falling back to default profiles: default
2022-02-17 23:52:45.325  INFO PPBNOMBPBT-237.local --- [           main] c.e.f.c.ControllerTest                   : Started ControllerTest in 2.721 seconds (JVM running for 5.023)
2022-02-17 23:52:45.677  INFO PPBNOMBPBT-237.local --- [           main] c.e.f.c.Controller                       : Controller : API call received for getting shape information
2022-02-17 23:52:45.677  INFO PPBNOMBPBT-237.local --- [           main] c.e.f.s.Services                         : Service : Providing Service to Api Call
2022-02-17 23:52:45.677  INFO PPBNOMBPBT-237.local --- [           main] c.e.f.s.Services                         : Service : Validating request body
2022-02-17 23:52:45.678  INFO PPBNOMBPBT-237.local --- [           main] c.e.f.c.Controller                       : Creating response
